2025-12-30 03:36:53 ERROR [sdk-async-response-1-0] i.g.j.a.m.p.i.p.f.t.LocalStackS3TestStorageService - action=upload_attachment bucket=[attachments, 25121611282343315272/1767076612779.png, 228177] key={} length={} status=error
software.amazon.awssdk.services.s3.model.NoSuchBucketException: The specified bucket does not exist (Service: S3, Status Code: 404, Request ID: 2828de9c-8cc8-44f3-a924-ae105356c8b7, Extended Request ID: s9lzHYrFp76ZVxRcpX9+5cjAnEH2ROuNkd2BHfIa6UkFVdtjf5mKR3/eTPFvsiP/XV/VLi31234=)
	at software.amazon.awssdk.protocols.xml.internal.unmarshall.AwsXmlPredicatedResponseHandler.handleErrorResponse(AwsXmlPredicatedResponseHandler.java:156)
	at software.amazon.awssdk.protocols.xml.internal.unmarshall.AwsXmlPredicatedResponseHandler.handleResponse(AwsXmlPredicatedResponseHandler.java:108)
	at software.amazon.awssdk.protocols.xml.internal.unmarshall.AwsXmlPredicatedResponseHandler.handle(AwsXmlPredicatedResponseHandler.java:85)
	at software.amazon.awssdk.protocols.xml.internal.unmarshall.AwsXmlPredicatedResponseHandler.handle(AwsXmlPredicatedResponseHandler.java:43)
	at software.amazon.awssdk.core.internal.handler.BaseClientHandler.lambda$successTransformationResponseHandler$7(BaseClientHandler.java:279)
	at software.amazon.awssdk.core.internal.http.async.AsyncResponseHandler.lambda$prepare$0(AsyncResponseHandler.java:92)
	at java.base/java.util.concurrent.CompletableFuture$UniCompose.tryFire(CompletableFuture.java:1150)
	at java.base/java.util.concurrent.CompletableFuture.postComplete(CompletableFuture.java:510)
	at java.base/java.util.concurrent.CompletableFuture.complete(CompletableFuture.java:2147)
	at software.amazon.awssdk.core.internal.http.async.AsyncResponseHandler$BaosSubscriber.onComplete(AsyncResponseHandler.java:135)
	at software.amazon.awssdk.core.internal.metrics.BytesReadTrackingPublisher$BytesReadTracker.onComplete(BytesReadTrackingPublisher.java:74)
	at software.amazon.awssdk.http.nio.netty.internal.ResponseHandler$DataCountingPublisher$1.onComplete(ResponseHandler.java:519)
	at software.amazon.awssdk.http.nio.netty.internal.ResponseHandler.runAndLogError(ResponseHandler.java:254)
	at software.amazon.awssdk.http.nio.netty.internal.ResponseHandler.access$600(ResponseHandler.java:77)
	at software.amazon.awssdk.http.nio.netty.internal.ResponseHandler$PublisherAdapter$1.onComplete(ResponseHandler.java:375)
	at software.amazon.awssdk.http.nio.netty.internal.nrs.HandlerPublisher.publishMessage(HandlerPublisher.java:402)
	at software.amazon.awssdk.http.nio.netty.internal.nrs.HandlerPublisher.flushBuffer(HandlerPublisher.java:338)
	at software.amazon.awssdk.http.nio.netty.internal.nrs.HandlerPublisher.receivedDemand(HandlerPublisher.java:291)
	at software.amazon.awssdk.http.nio.netty.internal.nrs.HandlerPublisher.access$200(HandlerPublisher.java:61)
	at software.amazon.awssdk.http.nio.netty.internal.nrs.HandlerPublisher$ChannelSubscription$1.run(HandlerPublisher.java:495)
	at io.netty.util.concurrent.AbstractEventExecutor.runTask(AbstractEventExecutor.java:173)
	at io.netty.util.concurrent.AbstractEventExecutor.safeExecute(AbstractEventExecutor.java:166)
	at io.netty.util.concurrent.SingleThreadEventExecutor.runAllTasks(SingleThreadEventExecutor.java:472)
	at io.netty.channel.nio.NioEventLoop.run(NioEventLoop.java:566)
	at io.netty.util.concurrent.SingleThreadEventExecutor$4.run(SingleThreadEventExecutor.java:998)
	at io.netty.util.internal.ThreadExecutorMap$2.run(ThreadExecutorMap.java:74)
	at java.base/java.lang.Thread.run(Thread.java:842)
2025-12-30 03:36:53 ERROR [sdk-async-response-1-0] o.s.b.a.w.r.e.AbstractErrorWebExceptionHandler - [b414796b-2]  500 Server Error for HTTP POST "/api/protocol/attachment/push?protocolNumber=25121611282343315272"
software.amazon.awssdk.services.s3.model.NoSuchBucketException: The specified bucket does not exist (Service: S3, Status Code: 404, Request ID: 2828de9c-8cc8-44f3-a924-ae105356c8b7, Extended Request ID: s9lzHYrFp76ZVxRcpX9+5cjAnEH2ROuNkd2BHfIa6UkFVdtjf5mKR3/eTPFvsiP/XV/VLi31234=)
	at software.amazon.awssdk.protocols.xml.internal.unmarshall.AwsXmlPredicatedResponseHandler.handleErrorResponse(AwsXmlPredicatedResponseHandler.java:156)
	Suppressed: reactor.core.publisher.FluxOnAssembly$OnAssemblyException: 
Error has been observed at the following site(s):
	*__checkpoint ⇢ Handler io.github.jvondoellinger.api_gerenciamento_de_protocolo.modules.protocol_module.api.controllers.ProtocolController#uploadAttachment(FilePart, String) [DispatcherHandler]
	*__checkpoint ⇢ HTTP POST "/api/protocol/attachment/push?protocolNumber=25121611282343315272" [ExceptionHandlingWebHandler]
Original Stack Trace:
		at software.amazon.awssdk.protocols.xml.internal.unmarshall.AwsXmlPredicatedResponseHandler.handleErrorResponse(AwsXmlPredicatedResponseHandler.java:156)
		at software.amazon.awssdk.protocols.xml.internal.unmarshall.AwsXmlPredicatedResponseHandler.handleResponse(AwsXmlPredicatedResponseHandler.java:108)
		at software.amazon.awssdk.protocols.xml.internal.unmarshall.AwsXmlPredicatedResponseHandler.handle(AwsXmlPredicatedResponseHandler.java:85)
		at software.amazon.awssdk.protocols.xml.internal.unmarshall.AwsXmlPredicatedResponseHandler.handle(AwsXmlPredicatedResponseHandler.java:43)
		at software.amazon.awssdk.core.internal.handler.BaseClientHandler.lambda$successTransformationResponseHandler$7(BaseClientHandler.java:279)
		at software.amazon.awssdk.core.internal.http.async.AsyncResponseHandler.lambda$prepare$0(AsyncResponseHandler.java:92)
		at java.base/java.util.concurrent.CompletableFuture$UniCompose.tryFire(CompletableFuture.java:1150)
		at java.base/java.util.concurrent.CompletableFuture.postComplete(CompletableFuture.java:510)
		at java.base/java.util.concurrent.CompletableFuture.complete(CompletableFuture.java:2147)
		at software.amazon.awssdk.core.internal.http.async.AsyncResponseHandler$BaosSubscriber.onComplete(AsyncResponseHandler.java:135)
		at software.amazon.awssdk.core.internal.metrics.BytesReadTrackingPublisher$BytesReadTracker.onComplete(BytesReadTrackingPublisher.java:74)
		at software.amazon.awssdk.http.nio.netty.internal.ResponseHandler$DataCountingPublisher$1.onComplete(ResponseHandler.java:519)
		at software.amazon.awssdk.http.nio.netty.internal.ResponseHandler.runAndLogError(ResponseHandler.java:254)
		at software.amazon.awssdk.http.nio.netty.internal.ResponseHandler.access$600(ResponseHandler.java:77)
		at software.amazon.awssdk.http.nio.netty.internal.ResponseHandler$PublisherAdapter$1.onComplete(ResponseHandler.java:375)
		at software.amazon.awssdk.http.nio.netty.internal.nrs.HandlerPublisher.publishMessage(HandlerPublisher.java:402)
		at software.amazon.awssdk.http.nio.netty.internal.nrs.HandlerPublisher.flushBuffer(HandlerPublisher.java:338)
		at software.amazon.awssdk.http.nio.netty.internal.nrs.HandlerPublisher.receivedDemand(HandlerPublisher.java:291)
		at software.amazon.awssdk.http.nio.netty.internal.nrs.HandlerPublisher.access$200(HandlerPublisher.java:61)
		at software.amazon.awssdk.http.nio.netty.internal.nrs.HandlerPublisher$ChannelSubscription$1.run(HandlerPublisher.java:495)
		at io.netty.util.concurrent.AbstractEventExecutor.runTask(AbstractEventExecutor.java:173)
		at io.netty.util.concurrent.AbstractEventExecutor.safeExecute(AbstractEventExecutor.java:166)
		at io.netty.util.concurrent.SingleThreadEventExecutor.runAllTasks(SingleThreadEventExecutor.java:472)
		at io.netty.channel.nio.NioEventLoop.run(NioEventLoop.java:566)
		at io.netty.util.concurrent.SingleThreadEventExecutor$4.run(SingleThreadEventExecutor.java:998)
		at io.netty.util.internal.ThreadExecutorMap$2.run(ThreadExecutorMap.java:74)
		at java.base/java.lang.Thread.run(Thread.java:842)
