2025-12-30 02:12:13 INFO  [main] i.g.j.a.ApiDeGerenciamentoDeProtocolApplication - TESTE
2025-12-30 02:12:13 INFO  [main] i.g.j.a.ApiDeGerenciamentoDeProtocolApplication - Starting ApiDeGerenciamentoDeProtocolApplication using Java 17.0.12 with PID 12435 (/home/jorge/IdeaProjects/api-de-gerenciamento-de-protocolos/build/classes/java/main started by jorge in /home/jorge/IdeaProjects/api-de-gerenciamento-de-protocolos)
2025-12-30 02:12:13 INFO  [main] i.g.j.a.ApiDeGerenciamentoDeProtocolApplication - The following 1 profile is active: "dev"
2025-12-30 02:12:13 INFO  [main] o.s.d.r.c.RepositoryConfigurationDelegate - Bootstrapping Spring Data Reactive Cassandra repositories in DEFAULT mode.
2025-12-30 02:12:13 INFO  [main] o.s.d.r.c.RepositoryConfigurationDelegate - Finished Spring Data repository scanning in 108 ms. Found 4 Reactive Cassandra repository interfaces.
2025-12-30 02:12:13 INFO  [main] o.s.d.r.c.RepositoryConfigurationDelegate - Bootstrapping Spring Data Cassandra repositories in DEFAULT mode.
2025-12-30 02:12:13 INFO  [main] o.s.d.r.c.RepositoryConfigurationDelegate - Finished Spring Data repository scanning in 12 ms. Found 0 Cassandra repository interfaces.
2025-12-30 02:12:14 INFO  [main] c.d.o.d.i.c.DefaultMavenCoordinates - Apache Cassandra Java Driver (org.apache.cassandra:java-driver-core) version 4.19.0
2025-12-30 02:12:14 INFO  [main] c.d.o.d.i.c.c.CqlPrepareAsyncProcessor - Adding handler to invalidate cached prepared statements on type changes
2025-12-30 02:12:15 INFO  [s0-admin-0] c.d.o.d.internal.core.time.Clock - Using native clock for microsecond precision
2025-12-30 02:12:15 INFO  [main] o.s.b.w.e.netty.NettyWebServer - Netty started on port 8080 (http)
2025-12-30 02:12:15 INFO  [main] i.g.j.a.ApiDeGerenciamentoDeProtocolApplication - Started ApiDeGerenciamentoDeProtocolApplication in 2.87 seconds (process running for 3.243)
2025-12-30 02:12:29 INFO  [SpringApplicationShutdownHook] o.s.b.w.e.netty.GracefulShutdown - Commencing graceful shutdown. Waiting for active requests to complete
2025-12-30 02:12:29 INFO  [netty-shutdown] o.s.b.w.e.netty.GracefulShutdown - Graceful shutdown complete
2025-12-30 02:12:34 INFO  [main] i.g.j.a.ApiDeGerenciamentoDeProtocolApplication - Starting ApiDeGerenciamentoDeProtocolApplication using Java 17.0.12 with PID 12903 (/home/jorge/IdeaProjects/api-de-gerenciamento-de-protocolos/build/classes/java/main started by jorge in /home/jorge/IdeaProjects/api-de-gerenciamento-de-protocolos)
2025-12-30 02:12:34 INFO  [main] i.g.j.a.ApiDeGerenciamentoDeProtocolApplication - The following 1 profile is active: "dev"
2025-12-30 02:12:34 INFO  [main] o.s.d.r.c.RepositoryConfigurationDelegate - Bootstrapping Spring Data Reactive Cassandra repositories in DEFAULT mode.
2025-12-30 02:12:34 INFO  [main] o.s.d.r.c.RepositoryConfigurationDelegate - Finished Spring Data repository scanning in 108 ms. Found 4 Reactive Cassandra repository interfaces.
2025-12-30 02:12:35 INFO  [main] o.s.d.r.c.RepositoryConfigurationDelegate - Bootstrapping Spring Data Cassandra repositories in DEFAULT mode.
2025-12-30 02:12:35 INFO  [main] o.s.d.r.c.RepositoryConfigurationDelegate - Finished Spring Data repository scanning in 12 ms. Found 0 Cassandra repository interfaces.
2025-12-30 02:12:35 INFO  [main] c.d.o.d.i.c.DefaultMavenCoordinates - Apache Cassandra Java Driver (org.apache.cassandra:java-driver-core) version 4.19.0
2025-12-30 02:12:35 INFO  [main] c.d.o.d.i.c.c.CqlPrepareAsyncProcessor - Adding handler to invalidate cached prepared statements on type changes
2025-12-30 02:12:36 INFO  [s0-admin-0] c.d.o.d.internal.core.time.Clock - Using native clock for microsecond precision
2025-12-30 02:12:36 INFO  [main] o.s.b.w.e.netty.NettyWebServer - Netty started on port 8080 (http)
2025-12-30 02:12:37 INFO  [main] i.g.j.a.ApiDeGerenciamentoDeProtocolApplication - Started ApiDeGerenciamentoDeProtocolApplication in 2.815 seconds (process running for 3.197)
2025-12-30 03:26:25 INFO  [SpringApplicationShutdownHook] o.s.b.w.e.netty.GracefulShutdown - Commencing graceful shutdown. Waiting for active requests to complete
2025-12-30 03:26:25 INFO  [netty-shutdown] o.s.b.w.e.netty.GracefulShutdown - Graceful shutdown complete
2025-12-30 03:26:31 INFO  [main] i.g.j.a.ApiDeGerenciamentoDeProtocolApplication - Starting ApiDeGerenciamentoDeProtocolApplication using Java 17.0.12 with PID 27827 (/home/jorge/IdeaProjects/api-de-gerenciamento-de-protocolos/build/classes/java/main started by jorge in /home/jorge/IdeaProjects/api-de-gerenciamento-de-protocolos)
2025-12-30 03:26:31 INFO  [main] i.g.j.a.ApiDeGerenciamentoDeProtocolApplication - The following 1 profile is active: "dev"
2025-12-30 03:26:31 INFO  [main] o.s.d.r.c.RepositoryConfigurationDelegate - Bootstrapping Spring Data Reactive Cassandra repositories in DEFAULT mode.
2025-12-30 03:26:31 INFO  [main] o.s.d.r.c.RepositoryConfigurationDelegate - Finished Spring Data repository scanning in 109 ms. Found 4 Reactive Cassandra repository interfaces.
2025-12-30 03:26:32 INFO  [main] o.s.d.r.c.RepositoryConfigurationDelegate - Bootstrapping Spring Data Cassandra repositories in DEFAULT mode.
2025-12-30 03:26:32 INFO  [main] o.s.d.r.c.RepositoryConfigurationDelegate - Finished Spring Data repository scanning in 17 ms. Found 0 Cassandra repository interfaces.
2025-12-30 03:26:33 INFO  [main] c.d.o.d.i.c.DefaultMavenCoordinates - Apache Cassandra Java Driver (org.apache.cassandra:java-driver-core) version 4.19.0
2025-12-30 03:26:33 INFO  [main] c.d.o.d.i.c.c.CqlPrepareAsyncProcessor - Adding handler to invalidate cached prepared statements on type changes
2025-12-30 03:26:33 INFO  [s0-admin-0] c.d.o.d.internal.core.time.Clock - Using native clock for microsecond precision
2025-12-30 03:26:34 INFO  [main] o.s.b.w.e.netty.NettyWebServer - Netty started on port 8080 (http)
2025-12-30 03:26:34 INFO  [main] i.g.j.a.ApiDeGerenciamentoDeProtocolApplication - Started ApiDeGerenciamentoDeProtocolApplication in 3.289 seconds (process running for 3.713)
2025-12-30 03:26:45 INFO  [s0-io-3] i.g.j.a.m.p.i.p.d.p.ProtocolReadRepositoryImpl - action=query_protocol protocol=2512040509528704854 status=completed
2025-12-30 03:26:45 INFO  [s0-io-3] i.g.j.a.m.p.i.p.d.q.QueueReadRepositoryImpl - action=query_queue queueId=cdf34aaa-1c86-44a6-babe-ce3706077bd5 status=completed
2025-12-30 03:27:24 INFO  [s0-io-3] i.g.j.a.m.p.i.p.d.p.ProtocolReadRepositoryImpl - action=query_protocol protocol=2512040509528704854 status=completed
2025-12-30 03:27:24 INFO  [s0-io-3] i.g.j.a.m.p.i.p.d.q.QueueReadRepositoryImpl - action=query_queue queueId=cdf34aaa-1c86-44a6-babe-ce3706077bd5 status=completed
2025-12-30 03:27:25 INFO  [s0-io-3] i.g.j.a.m.p.i.p.d.p.ProtocolReadRepositoryImpl - action=query_protocol protocol=2512040509528704854 status=completed
2025-12-30 03:27:25 INFO  [s0-io-3] i.g.j.a.m.p.i.p.d.q.QueueReadRepositoryImpl - action=query_queue queueId=cdf34aaa-1c86-44a6-babe-ce3706077bd5 status=completed
2025-12-30 03:27:26 INFO  [s0-io-3] i.g.j.a.m.p.i.p.d.p.ProtocolReadRepositoryImpl - action=query_protocol protocol=2512040509528704854 status=completed
2025-12-30 03:27:26 INFO  [s0-io-3] i.g.j.a.m.p.i.p.d.q.QueueReadRepositoryImpl - action=query_queue queueId=cdf34aaa-1c86-44a6-babe-ce3706077bd5 status=completed
2025-12-30 03:27:27 INFO  [s0-io-3] i.g.j.a.m.p.i.p.d.p.ProtocolReadRepositoryImpl - action=query_protocol protocol=2512040509528704854 status=completed
2025-12-30 03:27:27 INFO  [s0-io-3] i.g.j.a.m.p.i.p.d.q.QueueReadRepositoryImpl - action=query_queue queueId=cdf34aaa-1c86-44a6-babe-ce3706077bd5 status=completed
2025-12-30 03:28:03 INFO  [s0-io-3] i.g.j.a.m.p.i.p.d.p.ProtocolReadRepositoryImpl - action=query_protocol protocol=2512040509528704854 status=completed
2025-12-30 03:28:03 INFO  [s0-io-3] i.g.j.a.m.p.i.p.d.q.QueueReadRepositoryImpl - action=query_queue queueId=cdf34aaa-1c86-44a6-babe-ce3706077bd5 status=completed
2025-12-30 03:28:04 INFO  [s0-io-3] i.g.j.a.m.p.i.p.d.p.ProtocolReadRepositoryImpl - action=query_protocol protocol=2512040509528704854 status=completed
2025-12-30 03:28:04 INFO  [s0-io-3] i.g.j.a.m.p.i.p.d.q.QueueReadRepositoryImpl - action=query_queue queueId=cdf34aaa-1c86-44a6-babe-ce3706077bd5 status=completed
2025-12-30 03:28:05 INFO  [s0-io-3] i.g.j.a.m.p.i.p.d.p.ProtocolReadRepositoryImpl - action=query_protocol protocol=2512040509528704854 status=completed
2025-12-30 03:28:05 INFO  [s0-io-3] i.g.j.a.m.p.i.p.d.q.QueueReadRepositoryImpl - action=query_queue queueId=cdf34aaa-1c86-44a6-babe-ce3706077bd5 status=completed
2025-12-30 03:28:07 INFO  [s0-io-3] i.g.j.a.m.p.i.p.d.p.ProtocolReadRepositoryImpl - action=query_protocol protocol=2512040509528704854 status=completed
2025-12-30 03:28:07 INFO  [s0-io-3] i.g.j.a.m.p.i.p.d.q.QueueReadRepositoryImpl - action=query_queue queueId=cdf34aaa-1c86-44a6-babe-ce3706077bd5 status=completed
2025-12-30 03:28:08 INFO  [s0-io-3] i.g.j.a.m.p.i.p.d.p.ProtocolReadRepositoryImpl - action=query_protocol protocol=2512040509528704854 status=completed
2025-12-30 03:28:08 INFO  [s0-io-3] i.g.j.a.m.p.i.p.d.q.QueueReadRepositoryImpl - action=query_queue queueId=cdf34aaa-1c86-44a6-babe-ce3706077bd5 status=completed
2025-12-30 03:28:09 INFO  [s0-io-3] i.g.j.a.m.p.i.p.d.p.ProtocolReadRepositoryImpl - action=query_protocol protocol=2512040509528704854 status=completed
2025-12-30 03:28:09 INFO  [s0-io-3] i.g.j.a.m.p.i.p.d.q.QueueReadRepositoryImpl - action=query_queue queueId=cdf34aaa-1c86-44a6-babe-ce3706077bd5 status=completed
2025-12-30 03:28:10 INFO  [s0-io-3] i.g.j.a.m.p.i.p.d.p.ProtocolReadRepositoryImpl - action=query_protocol protocol=2512040509528704854 status=completed
2025-12-30 03:28:10 INFO  [s0-io-3] i.g.j.a.m.p.i.p.d.q.QueueReadRepositoryImpl - action=query_queue queueId=cdf34aaa-1c86-44a6-babe-ce3706077bd5 status=completed
2025-12-30 03:28:11 INFO  [s0-io-3] i.g.j.a.m.p.i.p.d.p.ProtocolReadRepositoryImpl - action=query_protocol protocol=2512040509528704854 status=completed
2025-12-30 03:28:11 INFO  [s0-io-3] i.g.j.a.m.p.i.p.d.q.QueueReadRepositoryImpl - action=query_queue queueId=cdf34aaa-1c86-44a6-babe-ce3706077bd5 status=completed
2025-12-30 03:28:12 INFO  [s0-io-3] i.g.j.a.m.p.i.p.d.p.ProtocolReadRepositoryImpl - action=query_protocol protocol=2512040509528704854 status=completed
2025-12-30 03:28:12 INFO  [s0-io-3] i.g.j.a.m.p.i.p.d.q.QueueReadRepositoryImpl - action=query_queue queueId=cdf34aaa-1c86-44a6-babe-ce3706077bd5 status=completed
2025-12-30 03:28:12 INFO  [s0-io-3] i.g.j.a.m.p.i.p.d.p.ProtocolReadRepositoryImpl - action=query_protocol protocol=2512040509528704854 status=completed
2025-12-30 03:28:12 INFO  [s0-io-3] i.g.j.a.m.p.i.p.d.q.QueueReadRepositoryImpl - action=query_queue queueId=cdf34aaa-1c86-44a6-babe-ce3706077bd5 status=completed
2025-12-30 03:28:13 INFO  [s0-io-3] i.g.j.a.m.p.i.p.d.p.ProtocolReadRepositoryImpl - action=query_protocol protocol=2512040509528704854 status=completed
2025-12-30 03:28:13 INFO  [s0-io-3] i.g.j.a.m.p.i.p.d.q.QueueReadRepositoryImpl - action=query_queue queueId=cdf34aaa-1c86-44a6-babe-ce3706077bd5 status=completed
2025-12-30 03:28:13 INFO  [s0-io-3] i.g.j.a.m.p.i.p.d.p.ProtocolReadRepositoryImpl - action=query_protocol protocol=2512040509528704854 status=completed
2025-12-30 03:28:13 INFO  [s0-io-3] i.g.j.a.m.p.i.p.d.q.QueueReadRepositoryImpl - action=query_queue queueId=cdf34aaa-1c86-44a6-babe-ce3706077bd5 status=completed
2025-12-30 03:28:14 INFO  [s0-io-3] i.g.j.a.m.p.i.p.d.p.ProtocolReadRepositoryImpl - action=query_protocol protocol=2512040509528704854 status=completed
2025-12-30 03:28:14 INFO  [s0-io-3] i.g.j.a.m.p.i.p.d.q.QueueReadRepositoryImpl - action=query_queue queueId=cdf34aaa-1c86-44a6-babe-ce3706077bd5 status=completed
2025-12-30 03:28:14 INFO  [s0-io-3] i.g.j.a.m.p.i.p.d.p.ProtocolReadRepositoryImpl - action=query_protocol protocol=2512040509528704854 status=completed
2025-12-30 03:28:14 INFO  [s0-io-3] i.g.j.a.m.p.i.p.d.q.QueueReadRepositoryImpl - action=query_queue queueId=cdf34aaa-1c86-44a6-babe-ce3706077bd5 status=completed
2025-12-30 03:28:15 INFO  [s0-io-3] i.g.j.a.m.p.i.p.d.p.ProtocolReadRepositoryImpl - action=query_protocol protocol=2512040509528704854 status=completed
2025-12-30 03:28:15 INFO  [s0-io-3] i.g.j.a.m.p.i.p.d.q.QueueReadRepositoryImpl - action=query_queue queueId=cdf34aaa-1c86-44a6-babe-ce3706077bd5 status=completed
2025-12-30 03:28:16 INFO  [s0-io-3] i.g.j.a.m.p.i.p.d.p.ProtocolReadRepositoryImpl - action=query_protocol protocol=2512040509528704854 status=completed
2025-12-30 03:28:16 INFO  [s0-io-3] i.g.j.a.m.p.i.p.d.q.QueueReadRepositoryImpl - action=query_queue queueId=cdf34aaa-1c86-44a6-babe-ce3706077bd5 status=completed
2025-12-30 03:28:16 INFO  [s0-io-3] i.g.j.a.m.p.i.p.d.p.ProtocolReadRepositoryImpl - action=query_protocol protocol=2512040509528704854 status=completed
2025-12-30 03:28:16 INFO  [s0-io-3] i.g.j.a.m.p.i.p.d.q.QueueReadRepositoryImpl - action=query_queue queueId=cdf34aaa-1c86-44a6-babe-ce3706077bd5 status=completed
2025-12-30 03:28:17 INFO  [s0-io-3] i.g.j.a.m.p.i.p.d.p.ProtocolReadRepositoryImpl - action=query_protocol protocol=2512040509528704854 status=completed
2025-12-30 03:28:17 INFO  [s0-io-3] i.g.j.a.m.p.i.p.d.q.QueueReadRepositoryImpl - action=query_queue queueId=cdf34aaa-1c86-44a6-babe-ce3706077bd5 status=completed
2025-12-30 03:28:17 INFO  [s0-io-3] i.g.j.a.m.p.i.p.d.p.ProtocolReadRepositoryImpl - action=query_protocol protocol=2512040509528704854 status=completed
2025-12-30 03:28:17 INFO  [s0-io-3] i.g.j.a.m.p.i.p.d.q.QueueReadRepositoryImpl - action=query_queue queueId=cdf34aaa-1c86-44a6-babe-ce3706077bd5 status=completed
2025-12-30 03:28:31 INFO  [s0-io-3] i.g.j.a.m.p.i.p.d.q.QueueReadRepositoryImpl - action=exists_queue queueId=cdf34aaa-1c86-44a6-babe-ce3706077bd5 status=completed
2025-12-30 03:28:31 INFO  [s0-io-3] i.g.j.a.m.p.i.p.d.p.UserUserProfileReadRepositoryImpl - action=query_profile id=e4d0a9cc-0c26-4a82-af7d-75044d8c0047 status=completed
2025-12-30 03:28:31 INFO  [s0-io-3] i.g.j.a.m.p.i.p.d.q.QueueReadRepositoryImpl - action=exists_queue queueId=cdf34aaa-1c86-44a6-babe-ce3706077bd5 status=completed
2025-12-30 03:28:31 INFO  [s0-io-3] i.g.j.a.m.p.i.p.d.q.QueueReadRepositoryImpl - action=exists_queue queueId=cdf34aaa-1c86-44a6-babe-ce3706077bd5 status=completed
2025-12-30 03:28:31 INFO  [s0-io-3] i.g.j.a.m.p.i.p.d.p.ProtocolWriteRepositoryImpl - action=create_protocol protocol=25123003283190345202 userId=e4d0a9cc-0c26-4a82-af7d-75044d8c0047 status=completed
2025-12-30 03:28:53 INFO  [s0-io-3] i.g.j.a.m.p.i.p.d.q.QueueReadRepositoryImpl - action=exists_queue queueId=cdf34aaa-1c86-44a6-babe-ce3706077bd5 status=completed
2025-12-30 03:28:53 INFO  [s0-io-3] i.g.j.a.m.p.i.p.d.p.UserUserProfileReadRepositoryImpl - action=query_profile id=e4d0a9cc-0c26-4a82-af7d-75044d8c0047 status=completed
2025-12-30 03:28:53 INFO  [s0-io-3] i.g.j.a.m.p.i.p.d.q.QueueReadRepositoryImpl - action=exists_queue queueId=cdf34aaa-1c86-44a6-babe-ce3706077bd5 status=completed
2025-12-30 03:28:53 INFO  [s0-io-3] i.g.j.a.m.p.i.p.d.q.QueueReadRepositoryImpl - action=exists_queue queueId=cdf34aaa-1c86-44a6-babe-ce3706077bd5 status=completed
2025-12-30 03:28:53 INFO  [s0-io-3] i.g.j.a.m.p.i.p.d.p.ProtocolWriteRepositoryImpl - action=create_protocol protocol=25123003285356929033 userId=e4d0a9cc-0c26-4a82-af7d-75044d8c0047 status=completed
2025-12-30 03:35:56 INFO  [SpringApplicationShutdownHook] o.s.b.w.e.netty.GracefulShutdown - Commencing graceful shutdown. Waiting for active requests to complete
2025-12-30 03:35:56 INFO  [netty-shutdown] o.s.b.w.e.netty.GracefulShutdown - Graceful shutdown complete
2025-12-30 03:36:27 INFO  [main] i.g.j.a.ApiDeGerenciamentoDeProtocolApplication - Starting ApiDeGerenciamentoDeProtocolApplication using Java 17.0.12 with PID 30534 (/home/jorge/IdeaProjects/api-de-gerenciamento-de-protocolos/build/classes/java/main started by jorge in /home/jorge/IdeaProjects/api-de-gerenciamento-de-protocolos)
2025-12-30 03:36:27 INFO  [main] i.g.j.a.ApiDeGerenciamentoDeProtocolApplication - The following 1 profile is active: "dev"
2025-12-30 03:36:28 INFO  [main] o.s.d.r.c.RepositoryConfigurationDelegate - Bootstrapping Spring Data Reactive Cassandra repositories in DEFAULT mode.
2025-12-30 03:36:28 INFO  [main] o.s.d.r.c.RepositoryConfigurationDelegate - Finished Spring Data repository scanning in 122 ms. Found 4 Reactive Cassandra repository interfaces.
2025-12-30 03:36:28 INFO  [main] o.s.d.r.c.RepositoryConfigurationDelegate - Bootstrapping Spring Data Cassandra repositories in DEFAULT mode.
2025-12-30 03:36:28 INFO  [main] o.s.d.r.c.RepositoryConfigurationDelegate - Finished Spring Data repository scanning in 15 ms. Found 0 Cassandra repository interfaces.
2025-12-30 03:36:29 INFO  [main] c.d.o.d.i.c.DefaultMavenCoordinates - Apache Cassandra Java Driver (org.apache.cassandra:java-driver-core) version 4.19.0
2025-12-30 03:36:29 INFO  [main] c.d.o.d.i.c.c.CqlPrepareAsyncProcessor - Adding handler to invalidate cached prepared statements on type changes
2025-12-30 03:36:29 INFO  [s0-admin-0] c.d.o.d.internal.core.time.Clock - Using native clock for microsecond precision
2025-12-30 03:36:30 INFO  [main] o.s.b.w.e.netty.NettyWebServer - Netty started on port 8080 (http)
2025-12-30 03:36:30 INFO  [main] i.g.j.a.ApiDeGerenciamentoDeProtocolApplication - Started ApiDeGerenciamentoDeProtocolApplication in 3.047 seconds (process running for 3.463)
2025-12-30 03:36:39 INFO  [s0-io-3] i.g.j.a.m.p.i.p.d.q.QueueReadRepositoryImpl - action=exists_queue queueId=cdf34aaa-1c86-44a6-babe-ce3706077bd5 status=completed
2025-12-30 03:36:39 INFO  [s0-io-3] i.g.j.a.m.p.i.p.d.p.UserUserProfileReadRepositoryImpl - action=query_profile id=e4d0a9cc-0c26-4a82-af7d-75044d8c0047 status=completed
2025-12-30 03:36:39 INFO  [s0-io-3] i.g.j.a.m.p.i.p.d.q.QueueReadRepositoryImpl - action=exists_queue queueId=cdf34aaa-1c86-44a6-babe-ce3706077bd5 status=completed
2025-12-30 03:36:39 INFO  [s0-io-3] i.g.j.a.m.p.i.p.d.q.QueueReadRepositoryImpl - action=exists_queue queueId=cdf34aaa-1c86-44a6-babe-ce3706077bd5 status=completed
2025-12-30 03:36:39 INFO  [s0-io-3] i.g.j.a.m.p.i.p.d.p.ProtocolWriteRepositoryImpl - action=create_protocol protocol=25123003363912458741 userId=e4d0a9cc-0c26-4a82-af7d-75044d8c0047 status=completed
2025-12-30 03:37:35 INFO  [sdk-async-response-1-1] i.g.j.a.m.p.i.p.f.t.LocalStackS3TestStorageService - action=upload_attachment bucket=attachments key=25121611282343315272/1767076655782.png length=228177 status=completed
